<?xml version="1.0" encoding="UTF-8"?>
<!-- Generated by org.testng.reporters.JUnitReportReporter -->
<testsuite hostname="Dreamcodes-MacBook-Pro.local" failures="0" tests="1" name="tests.BaseClass" time="0.005" errors="0" timestamp="2020-10-30T17:47:33 COT" skipped="0">
  <testcase classname="tests.BaseClass" name="sampleTest" time="0.005"/>
  <system-out/>
</testsuite> <!-- tests.BaseClass -->
